\BOOKMARK [0][-]{chapter*.5}{\332vod}{}% 1
\BOOKMARK [1][-]{section*.6}{Popis probl\351mu, specifikace c\355le}{chapter*.5}% 2
\BOOKMARK [0][-]{chapter.1}{Anal\375za a n\341vrh}{}% 3
\BOOKMARK [1][-]{section.1.1}{U\236ivatelsk\375 v\375zkum}{chapter.1}% 4
\BOOKMARK [1][-]{section.1.2}{Architektura syst\351mu}{chapter.1}% 5
\BOOKMARK [1][-]{section.1.3}{Re\235er\235e platforem operacn\355ch syst\351mu}{chapter.1}% 6
\BOOKMARK [1][-]{section.1.4}{S\351mantick\375 model}{chapter.1}% 7
\BOOKMARK [1][-]{section.1.5}{Model datov\351ho skladu \(ER model\)}{chapter.1}% 8
\BOOKMARK [1][-]{section.1.6}{Spr\341va datov\375ch zdroju}{chapter.1}% 9
\BOOKMARK [1][-]{section.1.7}{Ukl\341d\341n\355 logu}{chapter.1}% 10
\BOOKMARK [1][-]{section.1.8}{Vyhled\341v\341n\355 pravidelnost\355}{chapter.1}% 11
\BOOKMARK [1][-]{section.1.9}{Filtrov\341n\355 pravidelnost\355}{chapter.1}% 12
\BOOKMARK [1][-]{section.1.10}{U\236ivatelsk\351 rozhran\355}{chapter.1}% 13
\BOOKMARK [0][-]{chapter.2}{Realizace}{}% 14
\BOOKMARK [1][-]{section.2.1}{Adres\341rov\341 struktura}{chapter.2}% 15
\BOOKMARK [1][-]{section.2.2}{Datab\341ze}{chapter.2}% 16
\BOOKMARK [1][-]{section.2.3}{Launcher}{chapter.2}% 17
\BOOKMARK [1][-]{section.2.4}{Zobrazen\355 a razen\355 aplikac\355}{chapter.2}% 18
\BOOKMARK [1][-]{section.2.5}{Extern\355 knihovny}{chapter.2}% 19
\BOOKMARK [1][-]{section.2.6}{Projektov\375 reposit\341r}{chapter.2}% 20
\BOOKMARK [0][-]{chapter.3}{Budouc\355 pr\341ce}{}% 21
\BOOKMARK [0][-]{chapter*.27}{Z\341ver}{}% 22
\BOOKMARK [0][-]{section*.29}{Literatura}{}% 23
\BOOKMARK [0][-]{appendix.A}{Seznam pou\236it\375ch zkratek}{}% 24
\BOOKMARK [0][-]{appendix.B}{Seznam ostatn\355ch pr\355loh}{}% 25
\BOOKMARK [1][-]{section.B.1}{Tyflonet - dotacn\355 politika}{appendix.B}% 26
\BOOKMARK [0][-]{appendix.C}{Obsah prilo\236en\351ho CD}{}% 27
